2024-12-18 11:50:48 [main] INFO  c.j.l.p.ProductManagementSystemApplication - Starting ProductManagementSystemApplication using Java 21.0.5 with PID 25540 (C:\Users\JuliusAdjeteySowah\OneDrive - AmaliTech gGmbH\Documents\Labs\ProductManagementSystem\target\classes started by JuliusAdjeteySowah in C:\Users\JuliusAdjeteySowah\OneDrive - AmaliTech gGmbH\Documents\Labs\ProductManagementSystem)
2024-12-18 11:50:48 [main] DEBUG c.j.l.p.ProductManagementSystemApplication - Running with Spring Boot v3.4.0, Spring v6.2.0
2024-12-18 11:50:48 [main] INFO  c.j.l.p.ProductManagementSystemApplication - The following 1 profile is active: "dev"
2024-12-18 11:50:55 [main] WARN  o.s.b.a.o.j.JpaBaseConfiguration$JpaWebConfiguration - spring.jpa.open-in-view is enabled by default. Therefore, database queries may be performed during view rendering. Explicitly configure spring.jpa.open-in-view to disable this warning
2024-12-18 11:50:56 [main] INFO  c.j.l.p.ProductManagementSystemApplication - Started ProductManagementSystemApplication in 9.372 seconds (process running for 10.471)
2024-12-18 11:51:21 [main] INFO  c.j.l.p.ProductManagementSystemApplication - Starting ProductManagementSystemApplication using Java 21.0.5 with PID 20332 (C:\Users\JuliusAdjeteySowah\OneDrive - AmaliTech gGmbH\Documents\Labs\ProductManagementSystem\target\classes started by JuliusAdjeteySowah in C:\Users\JuliusAdjeteySowah\OneDrive - AmaliTech gGmbH\Documents\Labs\ProductManagementSystem)
2024-12-18 11:51:21 [main] DEBUG c.j.l.p.ProductManagementSystemApplication - Running with Spring Boot v3.4.0, Spring v6.2.0
2024-12-18 11:51:21 [main] INFO  c.j.l.p.ProductManagementSystemApplication - The following 1 profile is active: "dev"
2024-12-18 11:51:23 [main] INFO  o.s.d.r.c.RepositoryConfigurationDelegate - Multiple Spring Data modules found, entering strict repository configuration mode
2024-12-18 11:51:23 [main] INFO  o.s.d.r.c.RepositoryConfigurationDelegate - Bootstrapping Spring Data JPA repositories in DEFAULT mode.
2024-12-18 11:51:23 [main] INFO  o.s.d.r.c.RepositoryConfigurationDelegate - Finished Spring Data repository scanning in 71 ms. Found 3 JPA repository interfaces.
2024-12-18 11:51:24 [main] INFO  o.s.b.w.e.tomcat.TomcatWebServer - Tomcat initialized with port 8080 (http)
2024-12-18 11:51:24 [main] INFO  o.a.catalina.core.StandardService - Starting service [Tomcat]
2024-12-18 11:51:24 [main] INFO  o.a.catalina.core.StandardEngine - Starting Servlet engine: [Apache Tomcat/10.1.33]
2024-12-18 11:51:24 [main] INFO  o.a.c.c.C.[Tomcat].[localhost].[/] - Initializing Spring embedded WebApplicationContext
2024-12-18 11:51:24 [main] INFO  o.s.b.w.s.c.ServletWebServerApplicationContext - Root WebApplicationContext: initialization completed in 2303 ms
2024-12-18 11:51:24 [main] INFO  com.zaxxer.hikari.HikariDataSource - HikariPool-1 - Starting...
2024-12-18 11:51:24 [main] INFO  com.zaxxer.hikari.pool.HikariPool - HikariPool-1 - Added connection com.mysql.cj.jdbc.ConnectionImpl@49bb808f
2024-12-18 11:51:24 [main] INFO  com.zaxxer.hikari.HikariDataSource - HikariPool-1 - Start completed.
2024-12-18 11:51:24 [main] INFO  o.h.jpa.internal.util.LogHelper - HHH000204: Processing PersistenceUnitInfo [name: default]
2024-12-18 11:51:24 [main] INFO  org.hibernate.Version - HHH000412: Hibernate ORM core version 6.6.2.Final
2024-12-18 11:51:25 [main] INFO  o.h.c.i.RegionFactoryInitiator - HHH000026: Second-level cache disabled
2024-12-18 11:51:25 [main] INFO  o.s.o.j.p.SpringPersistenceUnitInfo - No LoadTimeWeaver setup: ignoring JPA class transformer
2024-12-18 11:51:25 [main] INFO  o.hibernate.orm.connections.pooling - HHH10001005: Database info:
	Database JDBC URL [Connecting through datasource 'HikariDataSource (HikariPool-1)']
	Database driver: undefined/unknown
	Database version: 8.0.40
	Autocommit mode: undefined/unknown
	Isolation level: undefined/unknown
	Minimum pool size: undefined/unknown
	Maximum pool size: undefined/unknown
2024-12-18 11:51:26 [main] INFO  o.h.e.t.j.p.i.JtaPlatformInitiator - HHH000489: No JTA platform available (set 'hibernate.transaction.jta.platform' to enable JTA platform integration)
2024-12-18 11:51:26 [main] INFO  o.s.o.j.LocalContainerEntityManagerFactoryBean - Initialized JPA EntityManagerFactory for persistence unit 'default'
2024-12-18 11:51:27 [main] INFO  o.s.d.j.r.query.QueryEnhancerFactory - Hibernate is in classpath; If applicable, HQL parser will be used.
2024-12-18 11:51:27 [main] WARN  o.s.b.a.o.j.JpaBaseConfiguration$JpaWebConfiguration - spring.jpa.open-in-view is enabled by default. Therefore, database queries may be performed during view rendering. Explicitly configure spring.jpa.open-in-view to disable this warning
2024-12-18 11:51:28 [main] INFO  o.s.s.c.a.a.c.InitializeUserDetailsBeanManagerConfigurer$InitializeUserDetailsManagerConfigurer - Global AuthenticationManager configured with UserDetailsService bean with name usersDetailService
2024-12-18 11:51:28 [main] INFO  o.s.b.a.e.web.EndpointLinksResolver - Exposing 1 endpoint beneath base path '/actuator'
2024-12-18 11:51:29 [main] INFO  o.s.b.w.e.tomcat.TomcatWebServer - Tomcat started on port 8080 (http) with context path '/'
2024-12-18 11:51:29 [main] INFO  c.j.l.p.ProductManagementSystemApplication - Started ProductManagementSystemApplication in 8.621 seconds (process running for 9.933)
2024-12-18 11:51:30 [RMI TCP Connection(9)-192.168.36.85] INFO  o.a.c.c.C.[Tomcat].[localhost].[/] - Initializing Spring DispatcherServlet 'dispatcherServlet'
2024-12-18 11:51:30 [RMI TCP Connection(9)-192.168.36.85] INFO  o.s.web.servlet.DispatcherServlet - Initializing Servlet 'dispatcherServlet'
2024-12-18 11:51:30 [RMI TCP Connection(9)-192.168.36.85] INFO  o.s.web.servlet.DispatcherServlet - Completed initialization in 2 ms
2024-12-18 12:13:23 [SpringApplicationShutdownHook] INFO  o.s.b.w.e.tomcat.GracefulShutdown - Commencing graceful shutdown. Waiting for active requests to complete
2024-12-18 12:13:23 [tomcat-shutdown] INFO  o.s.b.w.e.tomcat.GracefulShutdown - Graceful shutdown complete
2024-12-18 12:13:23 [SpringApplicationShutdownHook] INFO  o.s.o.j.LocalContainerEntityManagerFactoryBean - Closing JPA EntityManagerFactory for persistence unit 'default'
2024-12-18 12:13:23 [SpringApplicationShutdownHook] INFO  com.zaxxer.hikari.HikariDataSource - HikariPool-1 - Shutdown initiated...
2024-12-18 12:13:23 [SpringApplicationShutdownHook] INFO  com.zaxxer.hikari.HikariDataSource - HikariPool-1 - Shutdown completed.
